  main.cpp
c:\users\duoma\desktop\germsgoaway\germsgoaway\mainmenu.h(49): warning C4305: 'argument': truncation from 'double' to 'float'
c:\users\duoma\desktop\germsgoaway\germsgoaway\mainmenu.h(53): warning C4305: 'argument': truncation from 'double' to 'float'
c:\users\duoma\desktop\germsgoaway\germsgoaway\platform.h(101): warning C4244: 'argument': conversion from 'float' to 'int', possible loss of data
c:\users\duoma\desktop\germsgoaway\germsgoaway\player.h(8): warning C4067: unexpected tokens following preprocessor directive - expected a newline
c:\users\duoma\desktop\germsgoaway\germsgoaway\enemy.h(117): warning C4244: 'argument': conversion from 'float' to 'int', possible loss of data
c:\users\duoma\desktop\germsgoaway\germsgoaway\enemy.h(153): warning C4101: 'adjustment': unreferenced local variable
c:\users\duoma\desktop\germsgoaway\germsgoaway\player.h(146): warning C4244: 'argument': conversion from 'float' to 'const unsigned int', possible loss of data
c:\users\duoma\desktop\germsgoaway\germsgoaway\player.h(275): warning C4101: 'adjustment': unreferenced local variable
c:\users\duoma\desktop\germsgoaway\germsgoaway\main.cpp(9): warning C4067: unexpected tokens following preprocessor directive - expected a newline
c:\users\duoma\desktop\germsgoaway\germsgoaway\levels.h(47): warning C4244: 'argument': conversion from 'float' to 'const unsigned int', possible loss of data
c:\users\duoma\desktop\germsgoaway\germsgoaway\levels.h(118): warning C4018: '<': signed/unsigned mismatch
c:\users\duoma\desktop\germsgoaway\germsgoaway\levels.h(121): warning C4244: 'initializing': conversion from 'float' to 'int', possible loss of data
c:\users\duoma\desktop\germsgoaway\germsgoaway\levels.h(126): warning C4244: 'initializing': conversion from 'float' to 'int', possible loss of data
c:\users\duoma\desktop\germsgoaway\germsgoaway\levels.h(150): warning C4244: 'initializing': conversion from 'float' to 'int', possible loss of data
c:\users\duoma\desktop\germsgoaway\germsgoaway\levels.h(151): warning C4244: 'initializing': conversion from 'float' to 'int', possible loss of data
c:\users\duoma\desktop\germsgoaway\germsgoaway\background.h(62): warning C4244: 'argument': conversion from 'double' to 'float', possible loss of data
c:\users\duoma\desktop\germsgoaway\germsgoaway\main.cpp(138): warning C4244: 'initializing': conversion from 'double' to 'float', possible loss of data
c:\users\duoma\desktop\germsgoaway\germsgoaway\main.cpp(57): warning C4101: 'mouse': unreferenced local variable
c:\users\duoma\desktop\germsgoaway\germsgoaway\texturemanager.h(175): warning C4715: 'TextureManager::getTexture': not all control paths return a value
  GermsGoAway.vcxproj -> C:\Users\duoma\Desktop\GermsGoAway\Debug\GermsGoAway.exe
